cabal: Entering directory '/tmp/cabal-tmp-5190/http-client-0.6.4'
Configuring http-client-0.6.4...
Preprocessing library for http-client-0.6.4..
Building library for http-client-0.6.4..
[ 1 of 19] Compiling Data.KeyedPool   ( Data/KeyedPool.hs, dist/dist-sandbox-43a7003/build/Data/KeyedPool.o )
[ 2 of 19] Compiling Network.HTTP.Client.Types ( Network/HTTP/Client/Types.hs, dist/dist-sandbox-43a7003/build/Network/HTTP/Client/Types.o )
[ 3 of 19] Compiling Network.HTTP.Client.Connection ( Network/HTTP/Client/Connection.hs, dist/dist-sandbox-43a7003/build/Network/HTTP/Client/Connection.o )
[ 4 of 19] Compiling Network.HTTP.Client.Headers ( Network/HTTP/Client/Headers.hs, dist/dist-sandbox-43a7003/build/Network/HTTP/Client/Headers.o )
[ 5 of 19] Compiling Network.HTTP.Client.Body ( Network/HTTP/Client/Body.hs, dist/dist-sandbox-43a7003/build/Network/HTTP/Client/Body.o )
[ 6 of 19] Compiling Network.HTTP.Client.Util ( Network/HTTP/Client/Util.hs, dist/dist-sandbox-43a7003/build/Network/HTTP/Client/Util.o )
[ 7 of 19] Compiling Network.HTTP.Client.Request ( Network/HTTP/Client/Request.hs, dist/dist-sandbox-43a7003/build/Network/HTTP/Client/Request.o )
[ 8 of 19] Compiling Network.HTTP.Client.Response ( Network/HTTP/Client/Response.hs, dist/dist-sandbox-43a7003/build/Network/HTTP/Client/Response.o )
[ 9 of 19] Compiling Network.HTTP.Proxy ( Network/HTTP/Proxy.hs, dist/dist-sandbox-43a7003/build/Network/HTTP/Proxy.o )
[10 of 19] Compiling Network.HTTP.Client.Manager ( Network/HTTP/Client/Manager.hs, dist/dist-sandbox-43a7003/build/Network/HTTP/Client/Manager.o )
[11 of 19] Compiling Network.PublicSuffixList.Types ( publicsuffixlist/Network/PublicSuffixList/Types.hs, dist/dist-sandbox-43a7003/build/Network/PublicSuffixList/Types.o )
[12 of 19] Compiling Network.PublicSuffixList.Serialize ( publicsuffixlist/Network/PublicSuffixList/Serialize.hs, dist/dist-sandbox-43a7003/build/Network/PublicSuffixList/Serialize.o )
[13 of 19] Compiling Network.PublicSuffixList.DataStructure ( publicsuffixlist/Network/PublicSuffixList/DataStructure.hs, dist/dist-sandbox-43a7003/build/Network/PublicSuffixList/DataStructure.o )
[14 of 19] Compiling Network.PublicSuffixList.Lookup ( publicsuffixlist/Network/PublicSuffixList/Lookup.hs, dist/dist-sandbox-43a7003/build/Network/PublicSuffixList/Lookup.o )
[15 of 19] Compiling Network.HTTP.Client.Cookies ( Network/HTTP/Client/Cookies.hs, dist/dist-sandbox-43a7003/build/Network/HTTP/Client/Cookies.o )
[16 of 19] Compiling Network.HTTP.Client.Core ( Network/HTTP/Client/Core.hs, dist/dist-sandbox-43a7003/build/Network/HTTP/Client/Core.o )
[17 of 19] Compiling Network.HTTP.Client.Internal ( Network/HTTP/Client/Internal.hs, dist/dist-sandbox-43a7003/build/Network/HTTP/Client/Internal.o )
[18 of 19] Compiling Network.HTTP.Client ( Network/HTTP/Client.hs, dist/dist-sandbox-43a7003/build/Network/HTTP/Client.o )
[19 of 19] Compiling Network.HTTP.Client.MultipartFormData ( Network/HTTP/Client/MultipartFormData.hs, dist/dist-sandbox-43a7003/build/Network/HTTP/Client/MultipartFormData.o )
Installing library in /home/conorbegley/code/haskell/scrapingTutorial/.cabal-sandbox/lib/x86_64-linux-ghc-8.6.5/http-client-0.6.4-7nZaEZAdC1k5o5PzuM37xW
cabal: Leaving directory '/tmp/cabal-tmp-5190/http-client-0.6.4'
