cabal: Entering directory '/tmp/cabal-tmp-5190/tls-1.5.2'
Configuring tls-1.5.2...
Preprocessing library for tls-1.5.2..
Building library for tls-1.5.2..
[ 1 of 61] Compiling Network.TLS.Crypto.Types ( Network/TLS/Crypto/Types.hs, dist/dist-sandbox-43a7003/build/Network/TLS/Crypto/Types.o )
[ 2 of 61] Compiling Network.TLS.ErrT ( Network/TLS/ErrT.hs, dist/dist-sandbox-43a7003/build/Network/TLS/ErrT.o )
[ 3 of 61] Compiling Network.TLS.Imports ( Network/TLS/Imports.hs, dist/dist-sandbox-43a7003/build/Network/TLS/Imports.o )
[ 4 of 61] Compiling Network.TLS.Backend ( Network/TLS/Backend.hs, dist/dist-sandbox-43a7003/build/Network/TLS/Backend.o )
[ 5 of 61] Compiling Network.TLS.Measurement ( Network/TLS/Measurement.hs, dist/dist-sandbox-43a7003/build/Network/TLS/Measurement.o )
[ 6 of 61] Compiling Network.TLS.RNG  ( Network/TLS/RNG.hs, dist/dist-sandbox-43a7003/build/Network/TLS/RNG.o )
[ 7 of 61] Compiling Network.TLS.Crypto.DH ( Network/TLS/Crypto/DH.hs, dist/dist-sandbox-43a7003/build/Network/TLS/Crypto/DH.o )
[ 8 of 61] Compiling Network.TLS.Extra.FFDHE ( Network/TLS/Extra/FFDHE.hs, dist/dist-sandbox-43a7003/build/Network/TLS/Extra/FFDHE.o )
[ 9 of 61] Compiling Network.TLS.Types ( Network/TLS/Types.hs, dist/dist-sandbox-43a7003/build/Network/TLS/Types.o )
[10 of 61] Compiling Network.TLS.Session ( Network/TLS/Session.hs, dist/dist-sandbox-43a7003/build/Network/TLS/Session.o )
[11 of 61] Compiling Network.TLS.Compression ( Network/TLS/Compression.hs, dist/dist-sandbox-43a7003/build/Network/TLS/Compression.o )
[12 of 61] Compiling Network.TLS.Cap  ( Network/TLS/Cap.hs, dist/dist-sandbox-43a7003/build/Network/TLS/Cap.o )
[13 of 61] Compiling Network.TLS.Util ( Network/TLS/Util.hs, dist/dist-sandbox-43a7003/build/Network/TLS/Util.o )
[14 of 61] Compiling Network.TLS.Util.ASN1 ( Network/TLS/Util/ASN1.hs, dist/dist-sandbox-43a7003/build/Network/TLS/Util/ASN1.o )
[15 of 61] Compiling Network.TLS.Util.Serialization ( Network/TLS/Util/Serialization.hs, dist/dist-sandbox-43a7003/build/Network/TLS/Util/Serialization.o )
[16 of 61] Compiling Network.TLS.Crypto.IES ( Network/TLS/Crypto/IES.hs, dist/dist-sandbox-43a7003/build/Network/TLS/Crypto/IES.o )
[17 of 61] Compiling Network.TLS.Crypto ( Network/TLS/Crypto.hs, dist/dist-sandbox-43a7003/build/Network/TLS/Crypto.o )
[18 of 61] Compiling Network.TLS.Struct ( Network/TLS/Struct.hs, dist/dist-sandbox-43a7003/build/Network/TLS/Struct.o )
[19 of 61] Compiling Network.TLS.Struct13 ( Network/TLS/Struct13.hs, dist/dist-sandbox-43a7003/build/Network/TLS/Struct13.o )
[20 of 61] Compiling Network.TLS.MAC  ( Network/TLS/MAC.hs, dist/dist-sandbox-43a7003/build/Network/TLS/MAC.o )
[21 of 61] Compiling Network.TLS.Cipher ( Network/TLS/Cipher.hs, dist/dist-sandbox-43a7003/build/Network/TLS/Cipher.o )
[22 of 61] Compiling Network.TLS.Extra.Cipher ( Network/TLS/Extra/Cipher.hs, dist/dist-sandbox-43a7003/build/Network/TLS/Extra/Cipher.o )
[23 of 61] Compiling Network.TLS.Extra ( Network/TLS/Extra.hs, dist/dist-sandbox-43a7003/build/Network/TLS/Extra.o )
[24 of 61] Compiling Network.TLS.Wire ( Network/TLS/Wire.hs, dist/dist-sandbox-43a7003/build/Network/TLS/Wire.o )
[25 of 61] Compiling Network.TLS.Packet ( Network/TLS/Packet.hs, dist/dist-sandbox-43a7003/build/Network/TLS/Packet.o )
[26 of 61] Compiling Network.TLS.Record.State ( Network/TLS/Record/State.hs, dist/dist-sandbox-43a7003/build/Network/TLS/Record/State.o )
[27 of 61] Compiling Network.TLS.Record.Types ( Network/TLS/Record/Types.hs, dist/dist-sandbox-43a7003/build/Network/TLS/Record/Types.o )
[28 of 61] Compiling Network.TLS.Record.Engage ( Network/TLS/Record/Engage.hs, dist/dist-sandbox-43a7003/build/Network/TLS/Record/Engage.o )
[29 of 61] Compiling Network.TLS.Record.Disengage ( Network/TLS/Record/Disengage.hs, dist/dist-sandbox-43a7003/build/Network/TLS/Record/Disengage.o )
[30 of 61] Compiling Network.TLS.Record ( Network/TLS/Record.hs, dist/dist-sandbox-43a7003/build/Network/TLS/Record.o )
[31 of 61] Compiling Network.TLS.Packet13 ( Network/TLS/Packet13.hs, dist/dist-sandbox-43a7003/build/Network/TLS/Packet13.o )
[32 of 61] Compiling Network.TLS.Handshake.State ( Network/TLS/Handshake/State.hs, dist/dist-sandbox-43a7003/build/Network/TLS/Handshake/State.o )
[33 of 61] Compiling Network.TLS.KeySchedule ( Network/TLS/KeySchedule.hs, dist/dist-sandbox-43a7003/build/Network/TLS/KeySchedule.o )
[34 of 61] Compiling Network.TLS.Extension ( Network/TLS/Extension.hs, dist/dist-sandbox-43a7003/build/Network/TLS/Extension.o )
[35 of 61] Compiling Network.TLS.State ( Network/TLS/State.hs, dist/dist-sandbox-43a7003/build/Network/TLS/State.o )
[36 of 61] Compiling Network.TLS.X509 ( Network/TLS/X509.hs, dist/dist-sandbox-43a7003/build/Network/TLS/X509.o )
[37 of 61] Compiling Network.TLS.Hooks ( Network/TLS/Hooks.hs, dist/dist-sandbox-43a7003/build/Network/TLS/Hooks.o )
[38 of 61] Compiling Network.TLS.Credentials ( Network/TLS/Credentials.hs, dist/dist-sandbox-43a7003/build/Network/TLS/Credentials.o )
[39 of 61] Compiling Network.TLS.Parameters ( Network/TLS/Parameters.hs, dist/dist-sandbox-43a7003/build/Network/TLS/Parameters.o )
[40 of 61] Compiling Network.TLS.Context.Internal ( Network/TLS/Context/Internal.hs, dist/dist-sandbox-43a7003/build/Network/TLS/Context/Internal.o )
[41 of 61] Compiling Network.TLS.Sending ( Network/TLS/Sending.hs, dist/dist-sandbox-43a7003/build/Network/TLS/Sending.o )
[42 of 61] Compiling Network.TLS.Receiving13 ( Network/TLS/Receiving13.hs, dist/dist-sandbox-43a7003/build/Network/TLS/Receiving13.o )
[43 of 61] Compiling Network.TLS.Receiving ( Network/TLS/Receiving.hs, dist/dist-sandbox-43a7003/build/Network/TLS/Receiving.o )
[44 of 61] Compiling Network.TLS.Handshake.State13 ( Network/TLS/Handshake/State13.hs, dist/dist-sandbox-43a7003/build/Network/TLS/Handshake/State13.o )
[45 of 61] Compiling Network.TLS.Handshake.Random ( Network/TLS/Handshake/Random.hs, dist/dist-sandbox-43a7003/build/Network/TLS/Handshake/Random.o )
[46 of 61] Compiling Network.TLS.Sending13 ( Network/TLS/Sending13.hs, dist/dist-sandbox-43a7003/build/Network/TLS/Sending13.o )
[47 of 61] Compiling Network.TLS.IO   ( Network/TLS/IO.hs, dist/dist-sandbox-43a7003/build/Network/TLS/IO.o )
[48 of 61] Compiling Network.TLS.Handshake.Key ( Network/TLS/Handshake/Key.hs, dist/dist-sandbox-43a7003/build/Network/TLS/Handshake/Key.o )
[49 of 61] Compiling Network.TLS.Handshake.Signature ( Network/TLS/Handshake/Signature.hs, dist/dist-sandbox-43a7003/build/Network/TLS/Handshake/Signature.o )
[50 of 61] Compiling Network.TLS.Handshake.Process ( Network/TLS/Handshake/Process.hs, dist/dist-sandbox-43a7003/build/Network/TLS/Handshake/Process.o )
[51 of 61] Compiling Network.TLS.Handshake.Common ( Network/TLS/Handshake/Common.hs, dist/dist-sandbox-43a7003/build/Network/TLS/Handshake/Common.o )
[52 of 61] Compiling Network.TLS.Handshake.Certificate ( Network/TLS/Handshake/Certificate.hs, dist/dist-sandbox-43a7003/build/Network/TLS/Handshake/Certificate.o )
[53 of 61] Compiling Network.TLS.Handshake.Common13 ( Network/TLS/Handshake/Common13.hs, dist/dist-sandbox-43a7003/build/Network/TLS/Handshake/Common13.o )
[54 of 61] Compiling Network.TLS.Handshake.Server ( Network/TLS/Handshake/Server.hs, dist/dist-sandbox-43a7003/build/Network/TLS/Handshake/Server.o )
[55 of 61] Compiling Network.TLS.Handshake.Client ( Network/TLS/Handshake/Client.hs, dist/dist-sandbox-43a7003/build/Network/TLS/Handshake/Client.o )
[56 of 61] Compiling Network.TLS.PostHandshake ( Network/TLS/PostHandshake.hs, dist/dist-sandbox-43a7003/build/Network/TLS/PostHandshake.o )
[57 of 61] Compiling Network.TLS.Handshake ( Network/TLS/Handshake.hs, dist/dist-sandbox-43a7003/build/Network/TLS/Handshake.o )
[58 of 61] Compiling Network.TLS.Context ( Network/TLS/Context.hs, dist/dist-sandbox-43a7003/build/Network/TLS/Context.o )
[59 of 61] Compiling Network.TLS.Core ( Network/TLS/Core.hs, dist/dist-sandbox-43a7003/build/Network/TLS/Core.o )
[60 of 61] Compiling Network.TLS.Internal ( Network/TLS/Internal.hs, dist/dist-sandbox-43a7003/build/Network/TLS/Internal.o )
[61 of 61] Compiling Network.TLS      ( Network/TLS.hs, dist/dist-sandbox-43a7003/build/Network/TLS.o )
Installing library in /home/conorbegley/code/haskell/scrapingTutorial/.cabal-sandbox/lib/x86_64-linux-ghc-8.6.5/tls-1.5.2-9EzhV8CuwbvguMcXtw3Y0
cabal: Leaving directory '/tmp/cabal-tmp-5190/tls-1.5.2'
